生成启动时间为 2017/9/26 16:34:45。
     1>项目“D:\biancheng\讯飞\DEMO\StartDlg\StartDlg\StartDlg.vcxproj”在节点 2 上(Build 个目标)。
     1>ClCompile:
         C:\Program Files (x86)\Microsoft Visual Studio 12.0\VC\bin\CL.exe /c /Zi /nologo /W3 /WX- /sdl /O2 /Oi /Oy- /GL /D WIN32 /D _WINDOWS /D NDEBUG /D _UNICODE /D UNICODE /D _AFXDLL /Gm- /EHsc /MD /GS /Gy /fp:precise /Zc:wchar_t /Zc:forScope /Yc"stdafx.h" /Fp"Release\StartDlg.pch" /Fo"Release\\" /Fd"Release\vc120.pdb" /Gd /TP /analyze- /errorReport:prompt stdafx.cpp
         stdafx.cpp
         C:\Program Files (x86)\Microsoft Visual Studio 12.0\VC\bin\CL.exe /c /Zi /nologo /W3 /WX- /sdl /O2 /Oi /Oy- /GL /D WIN32 /D _WINDOWS /D NDEBUG /D _UNICODE /D UNICODE /D _AFXDLL /Gm- /EHsc /MD /GS /Gy /fp:precise /Zc:wchar_t /Zc:forScope /Yu"stdafx.h" /Fp"Release\StartDlg.pch" /Fo"Release\\" /Fd"Release\vc120.pdb" /Gd /TP /analyze- /errorReport:prompt HomePage.cpp StartDlg.cpp StartDlgDlg.cpp
         HomePage.cpp
     1>HomePage.cpp(148): warning C4244: “初始化”: 从“ULONGLONG”转换到“unsigned int”，可能丢失数据
     1>HomePage.cpp(149): warning C4244: “参数”: 从“ULONGLONG”转换到“size_t”，可能丢失数据
     1>HomePage.cpp(157): warning C4244: “参数”: 从“ULONGLONG”转换到“UINT”，可能丢失数据
     1>HomePage.cpp(160): warning C4244: “参数”: 从“ULONGLONG”转换到“UINT”，可能丢失数据
     1>HomePage.cpp(358): warning C4244: “参数”: 从“time_t”转换到“unsigned int”，可能丢失数据
     1>HomePage.cpp(371): warning C4101: “sub”: 未引用的局部变量
         StartDlg.cpp
         StartDlgDlg.cpp
       ResourceCompile:
         C:\Program Files (x86)\Windows Kits\8.1\bin\x86\rc.exe /D NDEBUG /D _UNICODE /D UNICODE /D _AFXDLL /l"0x0804" /IRelease\ /nologo /fo"Release\StartDlg.res" StartDlg.rc 
       Link:
         C:\Program Files (x86)\Microsoft Visual Studio 12.0\VC\bin\link.exe /ERRORREPORT:PROMPT /OUT:"D:\biancheng\讯飞\DEMO\StartDlg\Release\StartDlg.exe" /INCREMENTAL:NO /NOLOGO /MANIFEST /MANIFESTUAC:"level='asInvoker' uiAccess='false'" /manifest:embed /manifestinput:"C:\Program Files (x86)\Microsoft Visual Studio 12.0\VC\Include\Manifest\dpiaware.manifest" /DEBUG /PDB:"D:\biancheng\讯飞\DEMO\StartDlg\Release\StartDlg.pdb" /SUBSYSTEM:WINDOWS /OPT:REF /OPT:ICF /LTCG /TLBID:1 /ENTRY:"wWinMainCRTStartup" /DYNAMICBASE /NXCOMPAT /IMPLIB:"D:\biancheng\讯飞\DEMO\StartDlg\Release\StartDlg.lib" /MACHINE:X86 /SAFESEH Release\StartDlg.res
         Release\HomePage.obj
         Release\StartDlg.obj
         Release\StartDlgDlg.obj
         Release\stdafx.obj
         正在生成代码
         已完成代码的生成
         StartDlg.vcxproj -> D:\biancheng\讯飞\DEMO\StartDlg\Release\StartDlg.exe
     1>已完成生成项目“D:\biancheng\讯飞\DEMO\StartDlg\StartDlg\StartDlg.vcxproj”(Build 个目标)的操作。

生成成功。

已用时间 00:00:08.04
